<?xml version="1.0" encoding="UTF-8"?>
<!-- Generated by org.testng.reporters.JUnitReportReporter -->
<testsuite hostname="DESKTOP-MJ4DCPE" name="com.crm.testcases.HomePageTest" tests="1" failures="0" timestamp="20 Jun 2019 13:04:51 GMT" time="20.216" errors="0">
  <testcase name="ValidateCRMHomepage" time="20.216" classname="com.crm.testcases.HomePageTest"/>
</testsuite> <!-- com.crm.testcases.HomePageTest -->
